The system is: Darwin - 13.2.0 - i386
Compiling the C compiler identification source file "CMakeCCompilerId.c" succeeded.
Compiler: /opt/local/bin/gcc 
Build flags: 
Id flags: 

The output was:
0


Compilation of the C compiler identification source "CMakeCCompilerId.c" produced "a.out"

The C compiler identification is GNU, found in "/Users/stevenw/Code/C++/TDD/Langr_s_book/code/c2/1/CMakeFiles/2.8.12.2/CompilerIdC/a.out"

Compiling the CXX compiler identification source file "CMakeCXXCompilerId.cpp" succeeded.
Compiler: /opt/local/bin/g++ 
Build flags: 
Id flags: 

The output was:
0


Compilation of the CXX compiler identification source "CMakeCXXCompilerId.cpp" produced "a.out"

The CXX compiler identification is GNU, found in "/Users/stevenw/Code/C++/TDD/Langr_s_book/code/c2/1/CMakeFiles/2.8.12.2/CompilerIdCXX/a.out"

Determining if the C compiler works passed with the following output:
Change Dir: /Users/stevenw/Code/C++/TDD/Langr_s_book/code/c2/1/CMakeFiles/CMakeTmp

Run Build Command:/opt/local/bin/gmake "cmTryCompileExec1168565989/fast"
/opt/local/bin/gmake -f CMakeFiles/cmTryCompileExec1168565989.dir/build.make CMakeFiles/cmTryCompileExec1168565989.dir/build
gmake[1]: Entering directory '/Users/stevenw/Code/C++/TDD/Langr_s_book/code/c2/1/CMakeFiles/CMakeTmp'
/opt/local/bin/cmake -E cmake_progress_report /Users/stevenw/Code/C++/TDD/Langr_s_book/code/c2/1/CMakeFiles/CMakeTmp/CMakeFiles 1
Building C object CMakeFiles/cmTryCompileExec1168565989.dir/testCCompiler.c.o
/opt/local/bin/gcc    -o CMakeFiles/cmTryCompileExec1168565989.dir/testCCompiler.c.o   -c /Users/stevenw/Code/C++/TDD/Langr_s_book/code/c2/1/CMakeFiles/CMakeTmp/testCCompiler.c
Linking C executable cmTryCompileExec1168565989
/opt/local/bin/cmake -E cmake_link_script CMakeFiles/cmTryCompileExec1168565989.dir/link.txt --verbose=1
/opt/local/bin/gcc    -Wl,-search_paths_first -Wl,-headerpad_max_install_names   CMakeFiles/cmTryCompileExec1168565989.dir/testCCompiler.c.o  -o cmTryCompileExec1168565989  
gmake[1]: Leaving directory '/Users/stevenw/Code/C++/TDD/Langr_s_book/code/c2/1/CMakeFiles/CMakeTmp'


Detecting C compiler ABI info compiled with the following output:
Change Dir: /Users/stevenw/Code/C++/TDD/Langr_s_book/code/c2/1/CMakeFiles/CMakeTmp

Run Build Command:/opt/local/bin/gmake "cmTryCompileExec2225302178/fast"
/opt/local/bin/gmake -f CMakeFiles/cmTryCompileExec2225302178.dir/build.make CMakeFiles/cmTryCompileExec2225302178.dir/build
gmake[1]: Entering directory '/Users/stevenw/Code/C++/TDD/Langr_s_book/code/c2/1/CMakeFiles/CMakeTmp'
/opt/local/bin/cmake -E cmake_progress_report /Users/stevenw/Code/C++/TDD/Langr_s_book/code/c2/1/CMakeFiles/CMakeTmp/CMakeFiles 1
Building C object CMakeFiles/cmTryCompileExec2225302178.dir/CMakeCCompilerABI.c.o
/opt/local/bin/gcc    -o CMakeFiles/cmTryCompileExec2225302178.dir/CMakeCCompilerABI.c.o   -c /opt/local/share/cmake-2.8/Modules/CMakeCCompilerABI.c
Linking C executable cmTryCompileExec2225302178
/opt/local/bin/cmake -E cmake_link_script CMakeFiles/cmTryCompileExec2225302178.dir/link.txt --verbose=1
/opt/local/bin/gcc    -Wl,-search_paths_first -Wl,-headerpad_max_install_names -v -Wl,-v CMakeFiles/cmTryCompileExec2225302178.dir/CMakeCCompilerABI.c.o  -o cmTryCompileExec2225302178   
Using built-in specs.
COLLECT_GCC=/opt/local/bin/gcc
COLLECT_LTO_WRAPPER=/opt/local/libexec/gcc/x86_64-apple-darwin13/4.7.3/lto-wrapper
Target: x86_64-apple-darwin13
Configured with: /opt/local/var/macports/build/_opt_mports_dports_lang_gcc47/gcc47/work/gcc-4.7.3/configure --prefix=/opt/local --build=x86_64-apple-darwin13 --enable-languages=c,c++,objc,obj-c++,lto,fortran,java --libdir=/opt/local/lib/gcc47 --includedir=/opt/local/include/gcc47 --infodir=/opt/local/share/info --mandir=/opt/local/share/man --datarootdir=/opt/local/share/gcc-4.7 --with-libiconv-prefix=/opt/local --with-local-prefix=/opt/local --with-system-zlib --disable-nls --program-suffix=-mp-4.7 --with-gxx-include-dir=/opt/local/include/gcc47/c++/ --with-gmp=/opt/local --with-mpfr=/opt/local --with-mpc=/opt/local --with-ppl=/opt/local --with-cloog=/opt/local --enable-cloog-backend=isl --disable-cloog-version-check --enable-stage1-checking --disable-multilib --enable-lto --enable-libstdcxx-time --with-as=/opt/local/bin/as --with-ld=/opt/local/bin/ld --with-ar=/opt/local/bin/ar --with-bugurl=https://trac.macports.org/newticket --disable-ppl-version-check --with-pkgversion='MacPorts gcc47 4.7.3_5'
Thread model: posix
gcc version 4.7.3 (MacPorts gcc47 4.7.3_5) 
COMPILER_PATH=/opt/local/libexec/gcc/x86_64-apple-darwin13/4.7.3/:/opt/local/libexec/gcc/x86_64-apple-darwin13/4.7.3/:/opt/local/libexec/gcc/x86_64-apple-darwin13/:/opt/local/lib/gcc47/gcc/x86_64-apple-darwin13/4.7.3/:/opt/local/lib/gcc47/gcc/x86_64-apple-darwin13/
LIBRARY_PATH=/opt/local/lib/gcc47/gcc/x86_64-apple-darwin13/4.7.3/:/opt/local/lib/gcc47/gcc/x86_64-apple-darwin13/4.7.3/../../../:/usr/lib/
COLLECT_GCC_OPTIONS='-mmacosx-version-min=10.9.2' '-v' '-o' 'cmTryCompileExec2225302178' '-mtune=core2'
 /opt/local/libexec/gcc/x86_64-apple-darwin13/4.7.3/collect2 -dynamic -arch x86_64 -macosx_version_min 10.9.2 -weak_reference_mismatches non-weak -o cmTryCompileExec2225302178 -L/opt/local/lib/gcc47/gcc/x86_64-apple-darwin13/4.7.3 -L/opt/local/lib/gcc47/gcc/x86_64-apple-darwin13/4.7.3/../../.. -search_paths_first -headerpad_max_install_names -v CMakeFiles/cmTryCompileExec2225302178.dir/CMakeCCompilerABI.c.o -no_compact_unwind -lSystem -lgcc_ext.10.5 -lgcc -lSystem -v
collect2 version 4.7.3
/opt/local/bin/ld -dynamic -arch x86_64 -macosx_version_min 10.9.2 -weak_reference_mismatches non-weak -o cmTryCompileExec2225302178 -L/opt/local/lib/gcc47/gcc/x86_64-apple-darwin13/4.7.3 -L/opt/local/lib/gcc47/gcc/x86_64-apple-darwin13/4.7.3/../../.. -search_paths_first -headerpad_max_install_names -v CMakeFiles/cmTryCompileExec2225302178.dir/CMakeCCompilerABI.c.o -no_compact_unwind -lSystem -lgcc_ext.10.5 -lgcc -lSystem -v
@(#)PROGRAM:ld  PROJECT:ld64-236.3
configured to support archs: i386 x86_64 x86_64h armv6 armv7 armv7s armv7m arm64
@(#)PROGRAM:ld  PROJECT:ld64-236.3
configured to support archs: i386 x86_64 x86_64h armv6 armv7 armv7s armv7m arm64
Library search paths:
	/opt/local/lib/gcc47/gcc/x86_64-apple-darwin13/4.7.3
	/opt/local/lib/gcc47
	/usr/lib
	/usr/local/lib
Framework search paths:
	/Library/Frameworks/
	/System/Library/Frameworks/
gmake[1]: Leaving directory '/Users/stevenw/Code/C++/TDD/Langr_s_book/code/c2/1/CMakeFiles/CMakeTmp'


Parsed C implicit link information from above output:
  link line regex: [^( *|.*[/\])(ld|([^/\]+-)?ld|collect2)[^/\]*( |$)]
  ignore line: [Change Dir: /Users/stevenw/Code/C++/TDD/Langr_s_book/code/c2/1/CMakeFiles/CMakeTmp]
  ignore line: []
  ignore line: [Run Build Command:/opt/local/bin/gmake "cmTryCompileExec2225302178/fast"]
  ignore line: [/opt/local/bin/gmake -f CMakeFiles/cmTryCompileExec2225302178.dir/build.make CMakeFiles/cmTryCompileExec2225302178.dir/build]
  ignore line: [gmake[1]: Entering directory '/Users/stevenw/Code/C++/TDD/Langr_s_book/code/c2/1/CMakeFiles/CMakeTmp']
  ignore line: [/opt/local/bin/cmake -E cmake_progress_report /Users/stevenw/Code/C++/TDD/Langr_s_book/code/c2/1/CMakeFiles/CMakeTmp/CMakeFiles 1]
  ignore line: [Building C object CMakeFiles/cmTryCompileExec2225302178.dir/CMakeCCompilerABI.c.o]
  ignore line: [/opt/local/bin/gcc    -o CMakeFiles/cmTryCompileExec2225302178.dir/CMakeCCompilerABI.c.o   -c /opt/local/share/cmake-2.8/Modules/CMakeCCompilerABI.c]
  ignore line: [Linking C executable cmTryCompileExec2225302178]
  ignore line: [/opt/local/bin/cmake -E cmake_link_script CMakeFiles/cmTryCompileExec2225302178.dir/link.txt --verbose=1]
  ignore line: [/opt/local/bin/gcc    -Wl,-search_paths_first -Wl,-headerpad_max_install_names -v -Wl,-v CMakeFiles/cmTryCompileExec2225302178.dir/CMakeCCompilerABI.c.o  -o cmTryCompileExec2225302178   ]
  ignore line: [Using built-in specs.]
  ignore line: [COLLECT_GCC=/opt/local/bin/gcc]
  ignore line: [COLLECT_LTO_WRAPPER=/opt/local/libexec/gcc/x86_64-apple-darwin13/4.7.3/lto-wrapper]
  ignore line: [Target: x86_64-apple-darwin13]
  ignore line: [Configured with: /opt/local/var/macports/build/_opt_mports_dports_lang_gcc47/gcc47/work/gcc-4.7.3/configure --prefix=/opt/local --build=x86_64-apple-darwin13 --enable-languages=c,c++,objc,obj-c++,lto,fortran,java --libdir=/opt/local/lib/gcc47 --includedir=/opt/local/include/gcc47 --infodir=/opt/local/share/info --mandir=/opt/local/share/man --datarootdir=/opt/local/share/gcc-4.7 --with-libiconv-prefix=/opt/local --with-local-prefix=/opt/local --with-system-zlib --disable-nls --program-suffix=-mp-4.7 --with-gxx-include-dir=/opt/local/include/gcc47/c++/ --with-gmp=/opt/local --with-mpfr=/opt/local --with-mpc=/opt/local --with-ppl=/opt/local --with-cloog=/opt/local --enable-cloog-backend=isl --disable-cloog-version-check --enable-stage1-checking --disable-multilib --enable-lto --enable-libstdcxx-time --with-as=/opt/local/bin/as --with-ld=/opt/local/bin/ld --with-ar=/opt/local/bin/ar --with-bugurl=https://trac.macports.org/newticket --disable-ppl-version-check --with-pkgversion='MacPorts gcc47 4.7.3_5']
  ignore line: [Thread model: posix]
  ignore line: [gcc version 4.7.3 (MacPorts gcc47 4.7.3_5) ]
  ignore line: [COMPILER_PATH=/opt/local/libexec/gcc/x86_64-apple-darwin13/4.7.3/:/opt/local/libexec/gcc/x86_64-apple-darwin13/4.7.3/:/opt/local/libexec/gcc/x86_64-apple-darwin13/:/opt/local/lib/gcc47/gcc/x86_64-apple-darwin13/4.7.3/:/opt/local/lib/gcc47/gcc/x86_64-apple-darwin13/]
  ignore line: [LIBRARY_PATH=/opt/local/lib/gcc47/gcc/x86_64-apple-darwin13/4.7.3/:/opt/local/lib/gcc47/gcc/x86_64-apple-darwin13/4.7.3/../../../:/usr/lib/]
  ignore line: [COLLECT_GCC_OPTIONS='-mmacosx-version-min=10.9.2' '-v' '-o' 'cmTryCompileExec2225302178' '-mtune=core2']
  link line: [ /opt/local/libexec/gcc/x86_64-apple-darwin13/4.7.3/collect2 -dynamic -arch x86_64 -macosx_version_min 10.9.2 -weak_reference_mismatches non-weak -o cmTryCompileExec2225302178 -L/opt/local/lib/gcc47/gcc/x86_64-apple-darwin13/4.7.3 -L/opt/local/lib/gcc47/gcc/x86_64-apple-darwin13/4.7.3/../../.. -search_paths_first -headerpad_max_install_names -v CMakeFiles/cmTryCompileExec2225302178.dir/CMakeCCompilerABI.c.o -no_compact_unwind -lSystem -lgcc_ext.10.5 -lgcc -lSystem -v]
    arg [/opt/local/libexec/gcc/x86_64-apple-darwin13/4.7.3/collect2] ==> ignore
    arg [-dynamic] ==> ignore
    arg [-arch] ==> ignore
    arg [x86_64] ==> ignore
    arg [-macosx_version_min] ==> ignore
    arg [10.9.2] ==> ignore
    arg [-weak_reference_mismatches] ==> ignore
    arg [non-weak] ==> ignore
    arg [-o] ==> ignore
    arg [cmTryCompileExec2225302178] ==> ignore
    arg [-L/opt/local/lib/gcc47/gcc/x86_64-apple-darwin13/4.7.3] ==> dir [/opt/local/lib/gcc47/gcc/x86_64-apple-darwin13/4.7.3]
    arg [-L/opt/local/lib/gcc47/gcc/x86_64-apple-darwin13/4.7.3/../../..] ==> dir [/opt/local/lib/gcc47/gcc/x86_64-apple-darwin13/4.7.3/../../..]
    arg [-search_paths_first] ==> ignore
    arg [-headerpad_max_install_names] ==> ignore
    arg [-v] ==> ignore
    arg [CMakeFiles/cmTryCompileExec2225302178.dir/CMakeCCompilerABI.c.o] ==> ignore
    arg [-no_compact_unwind] ==> ignore
    arg [-lSystem] ==> lib [System]
    arg [-lgcc_ext.10.5] ==> lib [gcc_ext.10.5]
    arg [-lgcc] ==> lib [gcc]
    arg [-lSystem] ==> lib [System]
    arg [-v] ==> ignore
  Library search paths: [;/opt/local/lib/gcc47/gcc/x86_64-apple-darwin13/4.7.3;/opt/local/lib/gcc47;/usr/lib;/usr/local/lib]
  Framework search paths: [;/Library/Frameworks/;/System/Library/Frameworks/]
  remove lib [System]
  remove lib [gcc_ext.10.5]
  remove lib [gcc]
  remove lib [System]
  collapse library dir [/opt/local/lib/gcc47/gcc/x86_64-apple-darwin13/4.7.3] ==> [/opt/local/lib/gcc47/gcc/x86_64-apple-darwin13/4.7.3]
  collapse library dir [/opt/local/lib/gcc47/gcc/x86_64-apple-darwin13/4.7.3/../../..] ==> [/opt/local/lib/gcc47]
  collapse library dir [/opt/local/lib/gcc47/gcc/x86_64-apple-darwin13/4.7.3] ==> [/opt/local/lib/gcc47/gcc/x86_64-apple-darwin13/4.7.3]
  collapse library dir [/opt/local/lib/gcc47] ==> [/opt/local/lib/gcc47]
  collapse library dir [/usr/lib] ==> [/usr/lib]
  collapse library dir [/usr/local/lib] ==> [/usr/local/lib]
  collapse framework dir [/Library/Frameworks/] ==> [/Library/Frameworks]
  collapse framework dir [/System/Library/Frameworks/] ==> [/System/Library/Frameworks]
  implicit libs: []
  implicit dirs: [/opt/local/lib/gcc47/gcc/x86_64-apple-darwin13/4.7.3;/opt/local/lib/gcc47;/usr/lib;/usr/local/lib]
  implicit fwks: [/Library/Frameworks;/System/Library/Frameworks]


Determining if the CXX compiler works passed with the following output:
Change Dir: /Users/stevenw/Code/C++/TDD/Langr_s_book/code/c2/1/CMakeFiles/CMakeTmp

Run Build Command:/opt/local/bin/gmake "cmTryCompileExec1474312853/fast"
/opt/local/bin/gmake -f CMakeFiles/cmTryCompileExec1474312853.dir/build.make CMakeFiles/cmTryCompileExec1474312853.dir/build
gmake[1]: Entering directory '/Users/stevenw/Code/C++/TDD/Langr_s_book/code/c2/1/CMakeFiles/CMakeTmp'
/opt/local/bin/cmake -E cmake_progress_report /Users/stevenw/Code/C++/TDD/Langr_s_book/code/c2/1/CMakeFiles/CMakeTmp/CMakeFiles 1
Building CXX object CMakeFiles/cmTryCompileExec1474312853.dir/testCXXCompiler.cxx.o
/opt/local/bin/g++     -o CMakeFiles/cmTryCompileExec1474312853.dir/testCXXCompiler.cxx.o -c /Users/stevenw/Code/C++/TDD/Langr_s_book/code/c2/1/CMakeFiles/CMakeTmp/testCXXCompiler.cxx
Linking CXX executable cmTryCompileExec1474312853
/opt/local/bin/cmake -E cmake_link_script CMakeFiles/cmTryCompileExec1474312853.dir/link.txt --verbose=1
/opt/local/bin/g++     -Wl,-search_paths_first -Wl,-headerpad_max_install_names   CMakeFiles/cmTryCompileExec1474312853.dir/testCXXCompiler.cxx.o  -o cmTryCompileExec1474312853  
gmake[1]: Leaving directory '/Users/stevenw/Code/C++/TDD/Langr_s_book/code/c2/1/CMakeFiles/CMakeTmp'


Detecting CXX compiler ABI info compiled with the following output:
Change Dir: /Users/stevenw/Code/C++/TDD/Langr_s_book/code/c2/1/CMakeFiles/CMakeTmp

Run Build Command:/opt/local/bin/gmake "cmTryCompileExec3299551394/fast"
/opt/local/bin/gmake -f CMakeFiles/cmTryCompileExec3299551394.dir/build.make CMakeFiles/cmTryCompileExec3299551394.dir/build
gmake[1]: Entering directory '/Users/stevenw/Code/C++/TDD/Langr_s_book/code/c2/1/CMakeFiles/CMakeTmp'
/opt/local/bin/cmake -E cmake_progress_report /Users/stevenw/Code/C++/TDD/Langr_s_book/code/c2/1/CMakeFiles/CMakeTmp/CMakeFiles 1
Building CXX object CMakeFiles/cmTryCompileExec3299551394.dir/CMakeCXXCompilerABI.cpp.o
/opt/local/bin/g++     -o CMakeFiles/cmTryCompileExec3299551394.dir/CMakeCXXCompilerABI.cpp.o -c /opt/local/share/cmake-2.8/Modules/CMakeCXXCompilerABI.cpp
Linking CXX executable cmTryCompileExec3299551394
/opt/local/bin/cmake -E cmake_link_script CMakeFiles/cmTryCompileExec3299551394.dir/link.txt --verbose=1
/opt/local/bin/g++     -Wl,-search_paths_first -Wl,-headerpad_max_install_names -v -Wl,-v CMakeFiles/cmTryCompileExec3299551394.dir/CMakeCXXCompilerABI.cpp.o  -o cmTryCompileExec3299551394   
Using built-in specs.
COLLECT_GCC=/opt/local/bin/g++
COLLECT_LTO_WRAPPER=/opt/local/libexec/gcc/x86_64-apple-darwin13/4.7.3/lto-wrapper
Target: x86_64-apple-darwin13
Configured with: /opt/local/var/macports/build/_opt_mports_dports_lang_gcc47/gcc47/work/gcc-4.7.3/configure --prefix=/opt/local --build=x86_64-apple-darwin13 --enable-languages=c,c++,objc,obj-c++,lto,fortran,java --libdir=/opt/local/lib/gcc47 --includedir=/opt/local/include/gcc47 --infodir=/opt/local/share/info --mandir=/opt/local/share/man --datarootdir=/opt/local/share/gcc-4.7 --with-libiconv-prefix=/opt/local --with-local-prefix=/opt/local --with-system-zlib --disable-nls --program-suffix=-mp-4.7 --with-gxx-include-dir=/opt/local/include/gcc47/c++/ --with-gmp=/opt/local --with-mpfr=/opt/local --with-mpc=/opt/local --with-ppl=/opt/local --with-cloog=/opt/local --enable-cloog-backend=isl --disable-cloog-version-check --enable-stage1-checking --disable-multilib --enable-lto --enable-libstdcxx-time --with-as=/opt/local/bin/as --with-ld=/opt/local/bin/ld --with-ar=/opt/local/bin/ar --with-bugurl=https://trac.macports.org/newticket --disable-ppl-version-check --with-pkgversion='MacPorts gcc47 4.7.3_5'
Thread model: posix
gcc version 4.7.3 (MacPorts gcc47 4.7.3_5) 
COMPILER_PATH=/opt/local/libexec/gcc/x86_64-apple-darwin13/4.7.3/:/opt/local/libexec/gcc/x86_64-apple-darwin13/4.7.3/:/opt/local/libexec/gcc/x86_64-apple-darwin13/:/opt/local/lib/gcc47/gcc/x86_64-apple-darwin13/4.7.3/:/opt/local/lib/gcc47/gcc/x86_64-apple-darwin13/
LIBRARY_PATH=/opt/local/lib/gcc47/gcc/x86_64-apple-darwin13/4.7.3/:/opt/local/lib/gcc47/gcc/x86_64-apple-darwin13/4.7.3/../../../:/usr/lib/
COLLECT_GCC_OPTIONS='-mmacosx-version-min=10.9.2' '-v' '-o' 'cmTryCompileExec3299551394' '-shared-libgcc' '-mtune=core2'
 /opt/local/libexec/gcc/x86_64-apple-darwin13/4.7.3/collect2 -dynamic -arch x86_64 -macosx_version_min 10.9.2 -weak_reference_mismatches non-weak -o cmTryCompileExec3299551394 -L/opt/local/lib/gcc47/gcc/x86_64-apple-darwin13/4.7.3 -L/opt/local/lib/gcc47/gcc/x86_64-apple-darwin13/4.7.3/../../.. -search_paths_first -headerpad_max_install_names -v CMakeFiles/cmTryCompileExec3299551394.dir/CMakeCXXCompilerABI.cpp.o -lstdc++ -no_compact_unwind -lSystem -lgcc_ext.10.5 -lgcc -lSystem -v
collect2 version 4.7.3
/opt/local/bin/ld -dynamic -arch x86_64 -macosx_version_min 10.9.2 -weak_reference_mismatches non-weak -o cmTryCompileExec3299551394 -L/opt/local/lib/gcc47/gcc/x86_64-apple-darwin13/4.7.3 -L/opt/local/lib/gcc47/gcc/x86_64-apple-darwin13/4.7.3/../../.. -search_paths_first -headerpad_max_install_names -v CMakeFiles/cmTryCompileExec3299551394.dir/CMakeCXXCompilerABI.cpp.o -lstdc++ -no_compact_unwind -lSystem -lgcc_ext.10.5 -lgcc -lSystem -v
@(#)PROGRAM:ld  PROJECT:ld64-236.3
configured to support archs: i386 x86_64 x86_64h armv6 armv7 armv7s armv7m arm64
@(#)PROGRAM:ld  PROJECT:ld64-236.3
configured to support archs: i386 x86_64 x86_64h armv6 armv7 armv7s armv7m arm64
Library search paths:
	/opt/local/lib/gcc47/gcc/x86_64-apple-darwin13/4.7.3
	/opt/local/lib/gcc47
	/usr/lib
	/usr/local/lib
Framework search paths:
	/Library/Frameworks/
	/System/Library/Frameworks/
gmake[1]: Leaving directory '/Users/stevenw/Code/C++/TDD/Langr_s_book/code/c2/1/CMakeFiles/CMakeTmp'


Parsed CXX implicit link information from above output:
  link line regex: [^( *|.*[/\])(ld|([^/\]+-)?ld|collect2)[^/\]*( |$)]
  ignore line: [Change Dir: /Users/stevenw/Code/C++/TDD/Langr_s_book/code/c2/1/CMakeFiles/CMakeTmp]
  ignore line: []
  ignore line: [Run Build Command:/opt/local/bin/gmake "cmTryCompileExec3299551394/fast"]
  ignore line: [/opt/local/bin/gmake -f CMakeFiles/cmTryCompileExec3299551394.dir/build.make CMakeFiles/cmTryCompileExec3299551394.dir/build]
  ignore line: [gmake[1]: Entering directory '/Users/stevenw/Code/C++/TDD/Langr_s_book/code/c2/1/CMakeFiles/CMakeTmp']
  ignore line: [/opt/local/bin/cmake -E cmake_progress_report /Users/stevenw/Code/C++/TDD/Langr_s_book/code/c2/1/CMakeFiles/CMakeTmp/CMakeFiles 1]
  ignore line: [Building CXX object CMakeFiles/cmTryCompileExec3299551394.dir/CMakeCXXCompilerABI.cpp.o]
  ignore line: [/opt/local/bin/g++     -o CMakeFiles/cmTryCompileExec3299551394.dir/CMakeCXXCompilerABI.cpp.o -c /opt/local/share/cmake-2.8/Modules/CMakeCXXCompilerABI.cpp]
  ignore line: [Linking CXX executable cmTryCompileExec3299551394]
  ignore line: [/opt/local/bin/cmake -E cmake_link_script CMakeFiles/cmTryCompileExec3299551394.dir/link.txt --verbose=1]
  ignore line: [/opt/local/bin/g++     -Wl,-search_paths_first -Wl,-headerpad_max_install_names -v -Wl,-v CMakeFiles/cmTryCompileExec3299551394.dir/CMakeCXXCompilerABI.cpp.o  -o cmTryCompileExec3299551394   ]
  ignore line: [Using built-in specs.]
  ignore line: [COLLECT_GCC=/opt/local/bin/g++]
  ignore line: [COLLECT_LTO_WRAPPER=/opt/local/libexec/gcc/x86_64-apple-darwin13/4.7.3/lto-wrapper]
  ignore line: [Target: x86_64-apple-darwin13]
  ignore line: [Configured with: /opt/local/var/macports/build/_opt_mports_dports_lang_gcc47/gcc47/work/gcc-4.7.3/configure --prefix=/opt/local --build=x86_64-apple-darwin13 --enable-languages=c,c++,objc,obj-c++,lto,fortran,java --libdir=/opt/local/lib/gcc47 --includedir=/opt/local/include/gcc47 --infodir=/opt/local/share/info --mandir=/opt/local/share/man --datarootdir=/opt/local/share/gcc-4.7 --with-libiconv-prefix=/opt/local --with-local-prefix=/opt/local --with-system-zlib --disable-nls --program-suffix=-mp-4.7 --with-gxx-include-dir=/opt/local/include/gcc47/c++/ --with-gmp=/opt/local --with-mpfr=/opt/local --with-mpc=/opt/local --with-ppl=/opt/local --with-cloog=/opt/local --enable-cloog-backend=isl --disable-cloog-version-check --enable-stage1-checking --disable-multilib --enable-lto --enable-libstdcxx-time --with-as=/opt/local/bin/as --with-ld=/opt/local/bin/ld --with-ar=/opt/local/bin/ar --with-bugurl=https://trac.macports.org/newticket --disable-ppl-version-check --with-pkgversion='MacPorts gcc47 4.7.3_5']
  ignore line: [Thread model: posix]
  ignore line: [gcc version 4.7.3 (MacPorts gcc47 4.7.3_5) ]
  ignore line: [COMPILER_PATH=/opt/local/libexec/gcc/x86_64-apple-darwin13/4.7.3/:/opt/local/libexec/gcc/x86_64-apple-darwin13/4.7.3/:/opt/local/libexec/gcc/x86_64-apple-darwin13/:/opt/local/lib/gcc47/gcc/x86_64-apple-darwin13/4.7.3/:/opt/local/lib/gcc47/gcc/x86_64-apple-darwin13/]
  ignore line: [LIBRARY_PATH=/opt/local/lib/gcc47/gcc/x86_64-apple-darwin13/4.7.3/:/opt/local/lib/gcc47/gcc/x86_64-apple-darwin13/4.7.3/../../../:/usr/lib/]
  ignore line: [COLLECT_GCC_OPTIONS='-mmacosx-version-min=10.9.2' '-v' '-o' 'cmTryCompileExec3299551394' '-shared-libgcc' '-mtune=core2']
  link line: [ /opt/local/libexec/gcc/x86_64-apple-darwin13/4.7.3/collect2 -dynamic -arch x86_64 -macosx_version_min 10.9.2 -weak_reference_mismatches non-weak -o cmTryCompileExec3299551394 -L/opt/local/lib/gcc47/gcc/x86_64-apple-darwin13/4.7.3 -L/opt/local/lib/gcc47/gcc/x86_64-apple-darwin13/4.7.3/../../.. -search_paths_first -headerpad_max_install_names -v CMakeFiles/cmTryCompileExec3299551394.dir/CMakeCXXCompilerABI.cpp.o -lstdc++ -no_compact_unwind -lSystem -lgcc_ext.10.5 -lgcc -lSystem -v]
    arg [/opt/local/libexec/gcc/x86_64-apple-darwin13/4.7.3/collect2] ==> ignore
    arg [-dynamic] ==> ignore
    arg [-arch] ==> ignore
    arg [x86_64] ==> ignore
    arg [-macosx_version_min] ==> ignore
    arg [10.9.2] ==> ignore
    arg [-weak_reference_mismatches] ==> ignore
    arg [non-weak] ==> ignore
    arg [-o] ==> ignore
    arg [cmTryCompileExec3299551394] ==> ignore
    arg [-L/opt/local/lib/gcc47/gcc/x86_64-apple-darwin13/4.7.3] ==> dir [/opt/local/lib/gcc47/gcc/x86_64-apple-darwin13/4.7.3]
    arg [-L/opt/local/lib/gcc47/gcc/x86_64-apple-darwin13/4.7.3/../../..] ==> dir [/opt/local/lib/gcc47/gcc/x86_64-apple-darwin13/4.7.3/../../..]
    arg [-search_paths_first] ==> ignore
    arg [-headerpad_max_install_names] ==> ignore
    arg [-v] ==> ignore
    arg [CMakeFiles/cmTryCompileExec3299551394.dir/CMakeCXXCompilerABI.cpp.o] ==> ignore
    arg [-lstdc++] ==> lib [stdc++]
    arg [-no_compact_unwind] ==> ignore
    arg [-lSystem] ==> lib [System]
    arg [-lgcc_ext.10.5] ==> lib [gcc_ext.10.5]
    arg [-lgcc] ==> lib [gcc]
    arg [-lSystem] ==> lib [System]
    arg [-v] ==> ignore
  Library search paths: [;/opt/local/lib/gcc47/gcc/x86_64-apple-darwin13/4.7.3;/opt/local/lib/gcc47;/usr/lib;/usr/local/lib]
  Framework search paths: [;/Library/Frameworks/;/System/Library/Frameworks/]
  remove lib [System]
  remove lib [gcc_ext.10.5]
  remove lib [gcc]
  remove lib [System]
  collapse library dir [/opt/local/lib/gcc47/gcc/x86_64-apple-darwin13/4.7.3] ==> [/opt/local/lib/gcc47/gcc/x86_64-apple-darwin13/4.7.3]
  collapse library dir [/opt/local/lib/gcc47/gcc/x86_64-apple-darwin13/4.7.3/../../..] ==> [/opt/local/lib/gcc47]
  collapse library dir [/opt/local/lib/gcc47/gcc/x86_64-apple-darwin13/4.7.3] ==> [/opt/local/lib/gcc47/gcc/x86_64-apple-darwin13/4.7.3]
  collapse library dir [/opt/local/lib/gcc47] ==> [/opt/local/lib/gcc47]
  collapse library dir [/usr/lib] ==> [/usr/lib]
  collapse library dir [/usr/local/lib] ==> [/usr/local/lib]
  collapse framework dir [/Library/Frameworks/] ==> [/Library/Frameworks]
  collapse framework dir [/System/Library/Frameworks/] ==> [/System/Library/Frameworks]
  implicit libs: [stdc++]
  implicit dirs: [/opt/local/lib/gcc47/gcc/x86_64-apple-darwin13/4.7.3;/opt/local/lib/gcc47;/usr/lib;/usr/local/lib]
  implicit fwks: [/Library/Frameworks;/System/Library/Frameworks]


